<?xml version="1.0" encoding="UTF-8"?>
<!-- Generated by org.testng.reporters.JUnitReportReporter -->
<testsuite hostname="LAPTOP-KFVL9Q09" failures="0" tests="2" name="script.InvalidLogin" time="10.952" errors="0" timestamp="2025-07-19T11:04:42 IST" skipped="0">
  <testcase classname="script.InvalidLogin" name="testInvalidLogin" time="2.909"/>
  <system-out>
    <![CDATA[Invalid username and/or password.]]>
  </system-out>
  <testcase classname="script.InvalidLogin" name="testInvalidLogin" time="8.043"/>
  <system-out>
    <![CDATA[Invalid username and/or password.]]>
  </system-out>
</testsuite> <!-- script.InvalidLogin -->
