<?xml version="1.0" encoding="UTF-8"?>
<!-- Generated by org.testng.reporters.JUnitReportReporter -->
<testsuite hostname="LAPTOP-KFVL9Q09" failures="0" tests="2" name="script.Test1" time="15.291" errors="0" timestamp="2025-06-28T07:56:13 IST" skipped="0">
  <testcase classname="script.Test1" name="testA" time="7.989"/>
  <system-out/>
  <testcase classname="script.Test1" name="testA" time="7.302"/>
  <system-out/>
</testsuite> <!-- script.Test1 -->
