<?xml version="1.0" encoding="UTF-8"?>
<!-- Generated by org.testng.reporters.JUnitReportReporter -->
<testsuite hostname="LAPTOP-KFVL9Q09" failures="0" tests="2" name="script.Test2" time="8.469" errors="0" timestamp="2025-07-19T11:04:42 IST" skipped="0">
  <testcase classname="script.Test2" name="testB" time="1.947"/>
  <system-out/>
  <testcase classname="script.Test2" name="testB" time="6.522"/>
  <system-out/>
</testsuite> <!-- script.Test2 -->
