<?xml version="1.0" encoding="UTF-8"?>
<!-- Generated by org.testng.reporters.JUnitReportReporter -->
<testsuite hostname="LAPTOP-KFVL9Q09" failures="0" tests="2" name="script.Test1" time="8.886" errors="0" timestamp="2025-07-08T13:15:15 IST" skipped="0">
  <testcase classname="script.Test1" name="testA" time="6.332"/>
  <system-out/>
  <testcase classname="script.Test1" name="testA" time="2.554"/>
  <system-out/>
</testsuite> <!-- script.Test1 -->
