<?xml version="1.0" encoding="UTF-8"?>
<!-- Generated by org.testng.reporters.JUnitReportReporter -->
<testsuite hostname="LAPTOP-KFVL9Q09" failures="0" tests="2" name="script.InvalidLogin" time="8.308" errors="0" timestamp="2025-07-08T13:15:15 IST" skipped="0">
  <testcase classname="script.InvalidLogin" name="testInvalidLogin" time="2.079"/>
  <system-out>
    <![CDATA[Invalid username and/or password.]]>
  </system-out>
  <testcase classname="script.InvalidLogin" name="testInvalidLogin" time="6.229"/>
  <system-out>
    <![CDATA[Invalid username and/or password.]]>
  </system-out>
</testsuite> <!-- script.InvalidLogin -->
