<?xml version="1.0" encoding="UTF-8"?>
<!-- Generated by org.testng.reporters.JUnitReportReporter -->
<testsuite hostname="LAPTOP-KFVL9Q09" failures="0" tests="2" name="script.ValidLogin" time="10.052" errors="0" timestamp="2025-07-19T11:04:42 IST" skipped="0">
  <testcase classname="script.ValidLogin" name="testValidLogin" time="6.998"/>
  <system-out/>
  <testcase classname="script.ValidLogin" name="testValidLogin" time="3.054"/>
  <system-out/>
</testsuite> <!-- script.ValidLogin -->
