<?xml version="1.0" encoding="UTF-8"?>
<!-- Generated by org.testng.reporters.JUnitReportReporter -->
<testsuite hostname="LAPTOP-KFVL9Q09" failures="0" tests="2" name="script.Test2" time="6.777" errors="0" timestamp="2025-06-28T07:56:13 IST" skipped="0">
  <testcase classname="script.Test2" name="testB" time="5.147"/>
  <system-out/>
  <testcase classname="script.Test2" name="testB" time="1.630"/>
  <system-out/>
</testsuite> <!-- script.Test2 -->
