<?xml version="1.0" encoding="UTF-8"?>
<!-- Generated by org.testng.reporters.JUnitReportReporter -->
<testsuite hostname="LAPTOP-KFVL9Q09" failures="0" tests="2" name="script.Test2" time="5.816" errors="0" timestamp="2025-07-08T13:15:15 IST" skipped="0">
  <testcase classname="script.Test2" name="testB" time="1.525"/>
  <system-out/>
  <testcase classname="script.Test2" name="testB" time="4.291"/>
  <system-out/>
</testsuite> <!-- script.Test2 -->
