<?xml version="1.0" encoding="UTF-8"?>
<!-- Generated by org.testng.reporters.JUnitReportReporter -->
<testsuite hostname="LAPTOP-KFVL9Q09" failures="0" tests="2" name="script.Test1" time="9.880" errors="0" timestamp="2025-07-19T11:04:42 IST" skipped="0">
  <testcase classname="script.Test1" name="testA" time="6.706"/>
  <system-out/>
  <testcase classname="script.Test1" name="testA" time="3.174"/>
  <system-out/>
</testsuite> <!-- script.Test1 -->
