<?xml version="1.0" encoding="UTF-8"?>
<!-- Generated by org.testng.reporters.JUnitReportReporter -->
<testsuite hostname="LAPTOP-KFVL9Q09" failures="0" tests="1" name="script.ValidLogin" time="3.751" errors="0" timestamp="2025-07-09T12:59:20 IST" skipped="0">
  <testcase classname="script.ValidLogin" name="testValidLogin" time="3.751"/>
  <system-out/>
</testsuite> <!-- script.ValidLogin -->
